<?xml version="1.0" encoding="UTF-8"?>
<!-- Generated by org.testng.reporters.JUnitXMLReporter -->
<testsuite ignored="0" hostname="Bhagya" failures="0" tests="10" name="API Tests" time="4.902" errors="0" timestamp="2026-05-13T12:46:29 IST">
  <testcase classname="tests.GetUserTest" name="getUsersTest" time="1.342"/>
  <testcase classname="tests.CreateUserTest" name="createUserTest" time="0.508"/>
  <testcase classname="tests.CreateUserTest" name="createUserTest" time="0.299"/>
  <testcase classname="tests.CreateUserTest" name="createUserTest" time="0.315"/>
  <testcase classname="tests.UpdateUserTest" name="updateUserTest" time="0.758"/>
  <testcase classname="tests.DeleteUserTest" name="deleteUserTest" time="0.283"/>
  <testcase classname="tests.E2EFlowTest" name="createUser" time="0.293"/>
  <testcase classname="tests.E2EFlowTest" name="getUser" time="0.045"/>
  <testcase classname="tests.E2EFlowTest" name="updateUser" time="0.29"/>
  <testcase classname="tests.E2EFlowTest" name="deleteUser" time="0.399"/>
</testsuite> <!-- API Tests -->
