<?xml version="1.0" encoding="UTF-8"?>
<testng-results ignored="0" total="10" passed="10" failed="0" skipped="0">
  <reporter-output>
  </reporter-output>
  <suite started-at="2026-05-13T12:46:24 IST" name="API Test Suite" finished-at="2026-05-13T12:46:29 IST" duration-ms="4902">
    <groups>
    </groups>
    <test started-at="2026-05-13T12:46:24 IST" name="API Tests" finished-at="2026-05-13T12:46:29 IST" duration-ms="4902">
      <class name="tests.CreateUserTest">
        <test-method is-config="true" signature="init()[pri:0, instance:tests.CreateUserTest@182f1e9a]" started-at="2026-05-13T12:46:25 IST" name="init" finished-at="2026-05-13T12:46:25 IST" duration-ms="1" status="PASS">
          <reporter-output>
          </reporter-output>
        </test-method> <!-- init -->
        <test-method signature="createUserTest(java.lang.String,java.lang.String)[pri:0, instance:tests.CreateUserTest@182f1e9a]" started-at="2026-05-13T12:46:25 IST" name="createUserTest" data-provider="userData" finished-at="2026-05-13T12:46:26 IST" duration-ms="508" status="PASS">
          <params>
            <param index="0">
              <value>
                <![CDATA[Bhagya]]>
              </value>
            </param>
            <param index="1">
              <value>
                <![CDATA[Tester]]>
              </value>
            </param>
          </params>
          <reporter-output>
          </reporter-output>
        </test-method> <!-- createUserTest -->
        <test-method signature="createUserTest(java.lang.String,java.lang.String)[pri:0, instance:tests.CreateUserTest@182f1e9a]" started-at="2026-05-13T12:46:26 IST" name="createUserTest" data-provider="userData" finished-at="2026-05-13T12:46:26 IST" duration-ms="299" status="PASS">
          <params>
            <param index="0">
              <value>
                <![CDATA[Rahul]]>
              </value>
            </param>
            <param index="1">
              <value>
                <![CDATA[Developer]]>
              </value>
            </param>
          </params>
          <reporter-output>
          </reporter-output>
        </test-method> <!-- createUserTest -->
        <test-method signature="createUserTest(java.lang.String,java.lang.String)[pri:0, instance:tests.CreateUserTest@182f1e9a]" started-at="2026-05-13T12:46:26 IST" name="createUserTest" data-provider="userData" finished-at="2026-05-13T12:46:26 IST" duration-ms="315" status="PASS">
          <params>
            <param index="0">
              <value>
                <![CDATA[Aman]]>
              </value>
            </param>
            <param index="1">
              <value>
                <![CDATA[Manager]]>
              </value>
            </param>
          </params>
          <reporter-output>
          </reporter-output>
        </test-method> <!-- createUserTest -->
      </class> <!-- tests.CreateUserTest -->
      <class name="tests.E2EFlowTest">
        <test-method is-config="true" signature="init()[pri:0, instance:tests.E2EFlowTest@69f63d95]" started-at="2026-05-13T12:46:27 IST" name="init" finished-at="2026-05-13T12:46:27 IST" duration-ms="2" status="PASS">
          <reporter-output>
          </reporter-output>
        </test-method> <!-- init -->
        <test-method signature="createUser()[pri:1, instance:tests.E2EFlowTest@69f63d95]" started-at="2026-05-13T12:46:27 IST" name="createUser" finished-at="2026-05-13T12:46:28 IST" duration-ms="293" status="PASS">
          <reporter-output>
          </reporter-output>
        </test-method> <!-- createUser -->
        <test-method signature="getUser()[pri:2, instance:tests.E2EFlowTest@69f63d95]" started-at="2026-05-13T12:46:28 IST" name="getUser" finished-at="2026-05-13T12:46:28 IST" duration-ms="45" status="PASS">
          <reporter-output>
          </reporter-output>
        </test-method> <!-- getUser -->
        <test-method signature="updateUser()[pri:3, instance:tests.E2EFlowTest@69f63d95]" started-at="2026-05-13T12:46:28 IST" name="updateUser" finished-at="2026-05-13T12:46:28 IST" duration-ms="290" status="PASS">
          <reporter-output>
          </reporter-output>
        </test-method> <!-- updateUser -->
        <test-method signature="deleteUser()[pri:4, instance:tests.E2EFlowTest@69f63d95]" started-at="2026-05-13T12:46:28 IST" name="deleteUser" finished-at="2026-05-13T12:46:29 IST" duration-ms="399" status="PASS">
          <reporter-output>
          </reporter-output>
        </test-method> <!-- deleteUser -->
      </class> <!-- tests.E2EFlowTest -->
      <class name="tests.UpdateUserTest">
        <test-method is-config="true" signature="init()[pri:0, instance:tests.UpdateUserTest@6928f576]" started-at="2026-05-13T12:46:26 IST" name="init" finished-at="2026-05-13T12:46:26 IST" duration-ms="1" status="PASS">
          <reporter-output>
          </reporter-output>
        </test-method> <!-- init -->
        <test-method signature="updateUserTest()[pri:0, instance:tests.UpdateUserTest@6928f576]" started-at="2026-05-13T12:46:26 IST" name="updateUserTest" finished-at="2026-05-13T12:46:27 IST" duration-ms="758" status="PASS">
          <reporter-output>
          </reporter-output>
        </test-method> <!-- updateUserTest -->
      </class> <!-- tests.UpdateUserTest -->
      <class name="tests.GetUserTest">
        <test-method is-config="true" signature="init()[pri:0, instance:tests.GetUserTest@3591009c]" started-at="2026-05-13T12:46:24 IST" name="init" finished-at="2026-05-13T12:46:24 IST" duration-ms="298" status="PASS">
          <reporter-output>
          </reporter-output>
        </test-method> <!-- init -->
        <test-method signature="getUsersTest()[pri:0, instance:tests.GetUserTest@3591009c]" started-at="2026-05-13T12:46:24 IST" name="getUsersTest" finished-at="2026-05-13T12:46:25 IST" duration-ms="1342" status="PASS">
          <reporter-output>
          </reporter-output>
        </test-method> <!-- getUsersTest -->
      </class> <!-- tests.GetUserTest -->
      <class name="tests.DeleteUserTest">
        <test-method is-config="true" signature="init()[pri:0, instance:tests.DeleteUserTest@660e9100]" started-at="2026-05-13T12:46:27 IST" name="init" finished-at="2026-05-13T12:46:27 IST" duration-ms="1" status="PASS">
          <reporter-output>
          </reporter-output>
        </test-method> <!-- init -->
        <test-method signature="deleteUserTest()[pri:0, instance:tests.DeleteUserTest@660e9100]" started-at="2026-05-13T12:46:27 IST" name="deleteUserTest" finished-at="2026-05-13T12:46:27 IST" duration-ms="283" status="PASS">
          <reporter-output>
          </reporter-output>
        </test-method> <!-- deleteUserTest -->
      </class> <!-- tests.DeleteUserTest -->
    </test> <!-- API Tests -->
  </suite> <!-- API Test Suite -->
</testng-results>
