<?xml version="1.0" encoding="UTF-8"?>
<!-- Generated by org.testng.reporters.JUnitReportReporter -->
<testsuite hostname="Bhagya" failures="0" tests="3" name="tests.CreateUserTest" time="1.122" errors="0" timestamp="2026-05-13T12:46:29 IST" skipped="0">
  <testcase classname="tests.CreateUserTest" name="createUserTest" time="0.299"/>
  <testcase classname="tests.CreateUserTest" name="createUserTest" time="0.508"/>
  <testcase classname="tests.CreateUserTest" name="createUserTest" time="0.315"/>
</testsuite> <!-- tests.CreateUserTest -->
