<?xml version="1.0" encoding="UTF-8"?>
<!-- Generated by org.testng.reporters.JUnitReportReporter -->
<testsuite hostname="Bhagya" failures="0" tests="4" name="tests.E2EFlowTest" time="1.027" errors="0" timestamp="2026-05-13T12:46:29 IST" skipped="0">
  <testcase classname="tests.E2EFlowTest" name="createUser" time="0.293"/>
  <testcase classname="tests.E2EFlowTest" name="getUser" time="0.045"/>
  <testcase classname="tests.E2EFlowTest" name="updateUser" time="0.290"/>
  <testcase classname="tests.E2EFlowTest" name="deleteUser" time="0.399"/>
</testsuite> <!-- tests.E2EFlowTest -->
